<?xml version="1.0" encoding="UTF-8"?>
<coverage generated="1676818652277" clover="3.2.0">
  <project timestamp="1676818652277" name="All files">
    <metrics statements="46" coveredstatements="29" conditionals="11" coveredconditionals="2" methods="12" coveredmethods="5" elements="69" coveredelements="36" complexity="0" loc="46" ncloc="46" packages="1" files="1" classes="1"/>
    <file name="react.tsx" path="/home/adrian/coding/unologin/next-sdk/src/react.tsx">
      <metrics statements="46" coveredstatements="29" conditionals="11" coveredconditionals="2" methods="12" coveredmethods="5"/>
      <line num="7" count="1" type="stmt"/>
      <line num="11" count="1" type="stmt"/>
      <line num="18" count="1" type="stmt"/>
      <line num="37" count="1" type="stmt"/>
      <line num="45" count="11" type="stmt"/>
      <line num="52" count="1" type="stmt"/>
      <line num="54" count="0" type="stmt"/>
      <line num="56" count="0" type="stmt"/>
      <line num="69" count="1" type="stmt"/>
      <line num="73" count="7" type="stmt"/>
      <line num="75" count="7" type="stmt"/>
      <line num="77" count="2" type="stmt"/>
      <line num="79" count="2" type="stmt"/>
      <line num="81" count="2" type="stmt"/>
      <line num="85" count="0" type="stmt"/>
      <line num="89" count="7" type="stmt"/>
      <line num="125" count="1" type="stmt"/>
      <line num="127" count="4" type="stmt"/>
      <line num="129" count="4" type="stmt"/>
      <line num="131" count="4" type="stmt"/>
      <line num="133" count="4" type="stmt"/>
      <line num="136" count="1" type="stmt"/>
      <line num="138" count="1" type="stmt"/>
      <line num="140" count="1" type="stmt"/>
      <line num="144" count="1" type="cond" truecount="2" falsecount="2"/>
      <line num="147" count="1" type="stmt"/>
      <line num="149" count="1" type="stmt"/>
      <line num="153" count="4" type="stmt"/>
      <line num="187" count="1" type="stmt"/>
      <line num="191" count="0" type="stmt"/>
      <line num="193" count="0" type="stmt"/>
      <line num="195" count="0" type="stmt"/>
      <line num="198" count="0" type="stmt"/>
      <line num="200" count="0" type="stmt"/>
      <line num="207" count="0" type="cond" truecount="0" falsecount="4"/>
      <line num="208" count="0" type="stmt"/>
      <line num="227" count="1" type="stmt"/>
      <line num="233" count="1" type="stmt"/>
      <line num="236" count="0" type="stmt"/>
      <line num="238" count="0" type="cond" truecount="0" falsecount="2"/>
      <line num="240" count="0" type="stmt"/>
      <line num="244" count="0" type="stmt"/>
      <line num="255" count="1" type="stmt"/>
      <line num="259" count="0" type="stmt"/>
      <line num="261" count="0" type="stmt"/>
      <line num="265" count="0" type="stmt"/>
    </file>
  </project>
</coverage>
