{"/home/adrian/coding/unologin/next-sdk/src/react.tsx": {"path":"/home/adrian/coding/unologin/next-sdk/src/react.tsx","statementMap":{"0":{"start":{"line":7,"column":0},"end":{"line":7,"column":null}},"1":{"start":{"line":11,"column":0},"end":{"line":11,"column":null}},"2":{"start":{"line":18,"column":0},"end":{"line":18,"column":null}},"3":{"start":{"line":45,"column":2},"end":{"line":45,"column":34}},"4":{"start":{"line":37,"column":0},"end":{"line":37,"column":16}},"5":{"start":{"line":52,"column":26},"end":{"line":57,"column":1}},"6":{"start":{"line":54,"column":17},"end":{"line":54,"column":28}},"7":{"start":{"line":56,"column":2},"end":{"line":56,"column":45}},"8":{"start":{"line":56,"column":15},"end":{"line":56,"column":44}},"9":{"start":{"line":52,"column":13},"end":{"line":52,"column":26}},"10":{"start":{"line":69,"column":32},"end":{"line":90,"column":1}},"11":{"start":{"line":73,"column":32},"end":{"line":73,"column":47}},"12":{"start":{"line":75,"column":32},"end":{"line":87,"column":3}},"13":{"start":{"line":77,"column":4},"end":{"line":77,"column":21}},"14":{"start":{"line":79,"column":4},"end":{"line":86,"column":null}},"15":{"start":{"line":81,"column":6},"end":{"line":81,"column":37}},"16":{"start":{"line":85,"column":6},"end":{"line":85,"column":24}},"17":{"start":{"line":89,"column":2},"end":{"line":89,"column":37}},"18":{"start":{"line":69,"column":13},"end":{"line":69,"column":32}},"19":{"start":{"line":125,"column":24},"end":{"line":154,"column":1}},"20":{"start":{"line":127,"column":18},"end":{"line":127,"column":30}},"21":{"start":{"line":129,"column":26},"end":{"line":129,"column":41}},"22":{"start":{"line":131,"column":25},"end":{"line":131,"column":57}},"23":{"start":{"line":133,"column":16},"end":{"line":150,"column":null}},"24":{"start":{"line":136,"column":6},"end":{"line":136,"column":20}},"25":{"start":{"line":138,"column":6},"end":{"line":145,"column":null}},"26":{"start":{"line":140,"column":8},"end":{"line":140,"column":40}},"27":{"start":{"line":144,"column":8},"end":{"line":144,"column":34}},"28":{"start":{"line":147,"column":6},"end":{"line":147,"column":21}},"29":{"start":{"line":149,"column":6},"end":{"line":149,"column":22}},"30":{"start":{"line":153,"column":2},"end":{"line":153,"column":36}},"31":{"start":{"line":125,"column":13},"end":{"line":125,"column":24}},"32":{"start":{"line":187,"column":25},"end":{"line":212,"column":1}},"33":{"start":{"line":191,"column":18},"end":{"line":191,"column":30}},"34":{"start":{"line":193,"column":25},"end":{"line":193,"column":57}},"35":{"start":{"line":195,"column":2},"end":{"line":211,"column":4}},"36":{"start":{"line":198,"column":6},"end":{"line":209,"column":null}},"37":{"start":{"line":200,"column":8},"end":{"line":203,"column":10}},"38":{"start":{"line":207,"column":8},"end":{"line":207,"column":34}},"39":{"start":{"line":208,"column":8},"end":{"line":208,"column":18}},"40":{"start":{"line":187,"column":13},"end":{"line":187,"column":25}},"41":{"start":{"line":227,"column":2},"end":{"line":227,"column":55}},"42":{"start":{"line":236,"column":16},"end":{"line":236,"column":48}},"43":{"start":{"line":238,"column":2},"end":{"line":247,"column":null}},"44":{"start":{"line":240,"column":4},"end":{"line":240,"column":17}},"45":{"start":{"line":244,"column":4},"end":{"line":246,"column":6}},"46":{"start":{"line":233,"column":0},"end":{"line":233,"column":16}},"47":{"start":{"line":259,"column":38},"end":{"line":259,"column":69}},"48":{"start":{"line":261,"column":2},"end":{"line":269,"column":5}},"49":{"start":{"line":265,"column":23},"end":{"line":265,"column":59}},"50":{"start":{"line":255,"column":0},"end":{"line":255,"column":16}}},"fnMap":{"0":{"name":"withState","decl":{"start":{"line":37,"column":16},"end":{"line":37,"column":25}},"loc":{"start":{"line":42,"column":15},"end":{"line":46,"column":1}}},"1":{"name":"(anonymous_2)","decl":{"start":{"line":52,"column":26},"end":{"line":52,"column":29}},"loc":{"start":{"line":52,"column":31},"end":{"line":57,"column":1}}},"2":{"name":"(anonymous_3)","decl":{"start":{"line":56,"column":9},"end":{"line":56,"column":12}},"loc":{"start":{"line":56,"column":15},"end":{"line":56,"column":44}}},"3":{"name":"(anonymous_4)","decl":{"start":{"line":69,"column":32},"end":{"line":69,"column":null}},"loc":{"start":{"line":71,"column":4},"end":{"line":90,"column":1}}},"4":{"name":"(anonymous_5)","decl":{"start":{"line":75,"column":32},"end":{"line":75,"column":37}},"loc":{"start":{"line":75,"column":50},"end":{"line":87,"column":3}}},"5":{"name":"(anonymous_6)","decl":{"start":{"line":125,"column":24},"end":{"line":125,"column":27}},"loc":{"start":{"line":125,"column":29},"end":{"line":154,"column":1}}},"6":{"name":"(anonymous_7)","decl":{"start":{"line":134,"column":4},"end":{"line":134,"column":9}},"loc":{"start":{"line":134,"column":34},"end":{"line":150,"column":5}}},"7":{"name":"(anonymous_8)","decl":{"start":{"line":187,"column":25},"end":{"line":187,"column":null}},"loc":{"start":{"line":189,"column":4},"end":{"line":212,"column":1}}},"8":{"name":"(anonymous_9)","decl":{"start":{"line":196,"column":4},"end":{"line":196,"column":9}},"loc":{"start":{"line":196,"column":15},"end":{"line":210,"column":5}}},"9":{"name":"useClientSession","decl":{"start":{"line":233,"column":16},"end":{"line":233,"column":32}},"loc":{"start":{"line":233,"column":32},"end":{"line":248,"column":1}}},"10":{"name":"ClientSessionProvider","decl":{"start":{"line":255,"column":16},"end":{"line":255,"column":37}},"loc":{"start":{"line":256,"column":38},"end":{"line":270,"column":1}}},"11":{"name":"(anonymous_12)","decl":{"start":{"line":265,"column":17},"end":{"line":265,"column":20}},"loc":{"start":{"line":265,"column":23},"end":{"line":265,"column":59}}}},"branchMap":{"0":{"loc":{"start":{"line":144,"column":8},"end":{"line":144,"column":33}},"type":"cond-expr","locations":[{"start":{"line":144,"column":22},"end":{"line":144,"column":24}},{"start":{"line":144,"column":8},"end":{"line":144,"column":33}}]},"1":{"loc":{"start":{"line":144,"column":8},"end":{"line":144,"column":24}},"type":"binary-expr","locations":[{"start":{"line":144,"column":8},"end":{"line":144,"column":24}},{"start":{"line":144,"column":8},"end":{"line":144,"column":24}}]},"2":{"loc":{"start":{"line":188,"column":2},"end":{"line":188,"column":51}},"type":"default-arg","locations":[{"start":{"line":188,"column":29},"end":{"line":188,"column":51}}]},"3":{"loc":{"start":{"line":207,"column":8},"end":{"line":207,"column":33}},"type":"cond-expr","locations":[{"start":{"line":207,"column":22},"end":{"line":207,"column":24}},{"start":{"line":207,"column":8},"end":{"line":207,"column":33}}]},"4":{"loc":{"start":{"line":207,"column":8},"end":{"line":207,"column":24}},"type":"binary-expr","locations":[{"start":{"line":207,"column":8},"end":{"line":207,"column":24}},{"start":{"line":207,"column":8},"end":{"line":207,"column":24}}]},"5":{"loc":{"start":{"line":238,"column":2},"end":{"line":247,"column":null}},"type":"if","locations":[{"start":{"line":238,"column":2},"end":{"line":247,"column":null}},{"start":{"line":243,"column":2},"end":{"line":247,"column":null}}]}},"s":{"0":1,"1":1,"2":1,"3":11,"4":1,"5":1,"6":0,"7":0,"8":0,"9":1,"10":1,"11":7,"12":7,"13":2,"14":2,"15":2,"16":0,"17":7,"18":1,"19":1,"20":4,"21":4,"22":4,"23":4,"24":1,"25":1,"26":1,"27":1,"28":1,"29":1,"30":4,"31":1,"32":1,"33":0,"34":0,"35":0,"36":0,"37":0,"38":0,"39":0,"40":1,"41":1,"42":0,"43":0,"44":0,"45":0,"46":1,"47":0,"48":0,"49":0,"50":1},"f":{"0":11,"1":0,"2":0,"3":7,"4":2,"5":4,"6":1,"7":0,"8":0,"9":0,"10":0,"11":0},"b":{"0":[1,0],"1":[1,0],"2":[0],"3":[0,0],"4":[0,0],"5":[0,0]}}
}
