TN:
SF:src/react.tsx
FN:37,withState
FN:52,(anonymous_2)
FN:56,(anonymous_3)
FN:69,(anonymous_4)
FN:75,(anonymous_5)
FN:125,(anonymous_6)
FN:134,(anonymous_7)
FN:187,(anonymous_8)
FN:196,(anonymous_9)
FN:233,useClientSession
FN:255,ClientSessionProvider
FN:265,(anonymous_12)
FNF:12
FNH:5
FNDA:11,withState
FNDA:0,(anonymous_2)
FNDA:0,(anonymous_3)
FNDA:7,(anonymous_4)
FNDA:2,(anonymous_5)
FNDA:4,(anonymous_6)
FNDA:1,(anonymous_7)
FNDA:0,(anonymous_8)
FNDA:0,(anonymous_9)
FNDA:0,useClientSession
FNDA:0,ClientSessionProvider
FNDA:0,(anonymous_12)
DA:7,1
DA:11,1
DA:18,1
DA:37,1
DA:45,11
DA:52,1
DA:54,0
DA:56,0
DA:69,1
DA:73,7
DA:75,7
DA:77,2
DA:79,2
DA:81,2
DA:85,0
DA:89,7
DA:125,1
DA:127,4
DA:129,4
DA:131,4
DA:133,4
DA:136,1
DA:138,1
DA:140,1
DA:144,1
DA:147,1
DA:149,1
DA:153,4
DA:187,1
DA:191,0
DA:193,0
DA:195,0
DA:198,0
DA:200,0
DA:207,0
DA:208,0
DA:227,1
DA:233,1
DA:236,0
DA:238,0
DA:240,0
DA:244,0
DA:255,1
DA:259,0
DA:261,0
DA:265,0
LF:46
LH:29
BRDA:144,0,0,1
BRDA:144,0,1,0
BRDA:144,1,0,1
BRDA:144,1,1,0
BRDA:188,2,0,0
BRDA:207,3,0,0
BRDA:207,3,1,0
BRDA:207,4,0,0
BRDA:207,4,1,0
BRDA:238,5,0,0
BRDA:238,5,1,0
BRF:11
BRH:2
end_of_record
